This is pdfTeX, Version 3.14159265-2.6-1.40.20 (TeX Live 2019) (preloaded format=pdflatex 2019.5.8)  18 OCT 2020 17:43
entering extended mode
 restricted \write18 enabled.
 %&-line parsing enabled.
**NPMLE_MR_draft_V14.tex
(./NPMLE_MR_draft_V14.tex
LaTeX2e <2018-12-01>
(/usr/local/texlive/2019/texmf-dist/tex/latex/base/article.cls
Document Class: article 2018/09/03 v1.4i Standard LaTeX document class
(/usr/local/texlive/2019/texmf-dist/tex/latex/base/size11.clo
File: size11.clo 2018/09/03 v1.4i Standard LaTeX file (size option)
)
\c@part=\count80
\c@section=\count81
\c@subsection=\count82
\c@subsubsection=\count83
\c@paragraph=\count84
\c@subparagraph=\count85
\c@figure=\count86
\c@table=\count87
\abovecaptionskip=\skip41
\belowcaptionskip=\skip42
\bibindent=\dimen102
)
(/usr/local/texlive/2019/texmf-dist/tex/latex/geometry/geometry.sty
Package: geometry 2018/04/16 v5.8 Page Geometry

(/usr/local/texlive/2019/texmf-dist/tex/latex/graphics/keyval.sty
Package: keyval 2014/10/28 v1.15 key=value parser (DPC)
\KV@toks@=\toks14
)
(/usr/local/texlive/2019/texmf-dist/tex/generic/oberdiek/ifpdf.sty
Package: ifpdf 2018/09/07 v3.3 Provides the ifpdf switch
)
(/usr/local/texlive/2019/texmf-dist/tex/generic/oberdiek/ifvtex.sty
Package: ifvtex 2016/05/16 v1.6 Detect VTeX and its facilities (HO)
Package ifvtex Info: VTeX not detected.
)
(/usr/local/texlive/2019/texmf-dist/tex/generic/ifxetex/ifxetex.sty
Package: ifxetex 2010/09/12 v0.6 Provides ifxetex conditional
)
\Gm@cnth=\count88
\Gm@cntv=\count89
\c@Gm@tempcnt=\count90
\Gm@bindingoffset=\dimen103
\Gm@wd@mp=\dimen104
\Gm@odd@mp=\dimen105
\Gm@even@mp=\dimen106
\Gm@layoutwidth=\dimen107
\Gm@layoutheight=\dimen108
\Gm@layouthoffset=\dimen109
\Gm@layoutvoffset=\dimen110
\Gm@dimlist=\toks15
)
(/usr/local/texlive/2019/texmf-dist/tex/latex/base/inputenc.sty
Package: inputenc 2018/08/11 v1.3c Input encoding file
\inpenc@prehook=\toks16
\inpenc@posthook=\toks17
)
(/usr/local/texlive/2019/texmf-dist/tex/latex/base/fontenc.sty
Package: fontenc 2018/08/11 v2.0j Standard LaTeX package

(/usr/local/texlive/2019/texmf-dist/tex/latex/base/t1enc.def
File: t1enc.def 2018/08/11 v2.0j Standard LaTeX file
LaTeX Font Info:    Redeclaring font encoding T1 on input line 48.
))
(/usr/local/texlive/2019/texmf-dist/tex/latex/hyperref/hyperref.sty
Package: hyperref 2018/11/30 v6.88e Hypertext links for LaTeX

(/usr/local/texlive/2019/texmf-dist/tex/generic/oberdiek/hobsub-hyperref.sty
Package: hobsub-hyperref 2016/05/16 v1.14 Bundle oberdiek, subset hyperref (HO)


(/usr/local/texlive/2019/texmf-dist/tex/generic/oberdiek/hobsub-generic.sty
Package: hobsub-generic 2016/05/16 v1.14 Bundle oberdiek, subset generic (HO)
Package: hobsub 2016/05/16 v1.14 Construct package bundles (HO)
Package: infwarerr 2016/05/16 v1.4 Providing info/warning/error messages (HO)
Package: ltxcmds 2016/05/16 v1.23 LaTeX kernel commands for general use (HO)
Package: ifluatex 2016/05/16 v1.4 Provides the ifluatex switch (HO)
Package ifluatex Info: LuaTeX not detected.
Package hobsub Info: Skipping package `ifvtex' (already loaded).
Package: intcalc 2016/05/16 v1.2 Expandable calculations with integers (HO)
Package hobsub Info: Skipping package `ifpdf' (already loaded).
Package: etexcmds 2016/05/16 v1.6 Avoid name clashes with e-TeX commands (HO)
Package: kvsetkeys 2016/05/16 v1.17 Key value parser (HO)
Package: kvdefinekeys 2016/05/16 v1.4 Define keys (HO)
Package: pdftexcmds 2018/09/10 v0.29 Utility functions of pdfTeX for LuaTeX (HO
)
Package pdftexcmds Info: LuaTeX not detected.
Package pdftexcmds Info: \pdf@primitive is available.
Package pdftexcmds Info: \pdf@ifprimitive is available.
Package pdftexcmds Info: \pdfdraftmode found.
Package: pdfescape 2016/05/16 v1.14 Implements pdfTeX's escape features (HO)
Package: bigintcalc 2016/05/16 v1.4 Expandable calculations on big integers (HO
)
Package: bitset 2016/05/16 v1.2 Handle bit-vector datatype (HO)
Package: uniquecounter 2016/05/16 v1.3 Provide unlimited unique counter (HO)
)
Package hobsub Info: Skipping package `hobsub' (already loaded).
Package: letltxmacro 2016/05/16 v1.5 Let assignment for LaTeX macros (HO)
Package: hopatch 2016/05/16 v1.3 Wrapper for package hooks (HO)
Package: xcolor-patch 2016/05/16 xcolor patch
Package: atveryend 2016/05/16 v1.9 Hooks at the very end of document (HO)
Package atveryend Info: \enddocument detected (standard20110627).
Package: atbegshi 2016/06/09 v1.18 At begin shipout hook (HO)
Package: refcount 2016/05/16 v3.5 Data extraction from label references (HO)
Package: hycolor 2016/05/16 v1.8 Color options for hyperref/bookmark (HO)
)
(/usr/local/texlive/2019/texmf-dist/tex/latex/oberdiek/auxhook.sty
Package: auxhook 2016/05/16 v1.4 Hooks for auxiliary files (HO)
)
(/usr/local/texlive/2019/texmf-dist/tex/latex/oberdiek/kvoptions.sty
Package: kvoptions 2016/05/16 v3.12 Key value format for package options (HO)
)
\@linkdim=\dimen111
\Hy@linkcounter=\count91
\Hy@pagecounter=\count92

(/usr/local/texlive/2019/texmf-dist/tex/latex/hyperref/pd1enc.def
File: pd1enc.def 2018/11/30 v6.88e Hyperref: PDFDocEncoding definition (HO)
Now handling font encoding PD1 ...
... no UTF-8 mapping file for font encoding PD1
)
\Hy@SavedSpaceFactor=\count93

(/usr/local/texlive/2019/texmf-dist/tex/latex/latexconfig/hyperref.cfg
File: hyperref.cfg 2002/06/06 v1.2 hyperref configuration of TeXLive
)
Package hyperref Info: Option `colorlinks' set `true' on input line 4393.
Package hyperref Info: Hyper figures OFF on input line 4519.
Package hyperref Info: Link nesting OFF on input line 4524.
Package hyperref Info: Hyper index ON on input line 4527.
Package hyperref Info: Plain pages OFF on input line 4534.
Package hyperref Info: Backreferencing OFF on input line 4539.
Package hyperref Info: Implicit mode ON; LaTeX internals redefined.
Package hyperref Info: Bookmarks ON on input line 4772.
\c@Hy@tempcnt=\count94

(/usr/local/texlive/2019/texmf-dist/tex/latex/url/url.sty
\Urlmuskip=\muskip10
Package: url 2013/09/16  ver 3.4  Verb mode for urls, etc.
)
LaTeX Info: Redefining \url on input line 5125.
\XeTeXLinkMargin=\dimen112
\Fld@menulength=\count95
\Field@Width=\dimen113
\Fld@charsize=\dimen114
Package hyperref Info: Hyper figures OFF on input line 6380.
Package hyperref Info: Link nesting OFF on input line 6385.
Package hyperref Info: Hyper index ON on input line 6388.
Package hyperref Info: backreferencing OFF on input line 6395.
Package hyperref Info: Link coloring ON on input line 6398.
Package hyperref Info: Link coloring with OCG OFF on input line 6405.
Package hyperref Info: PDF/A mode OFF on input line 6410.
LaTeX Info: Redefining \ref on input line 6450.
LaTeX Info: Redefining \pageref on input line 6454.
\Hy@abspage=\count96
\c@Item=\count97
\c@Hfootnote=\count98
)
Package hyperref Info: Driver (autodetected): hpdftex.

(/usr/local/texlive/2019/texmf-dist/tex/latex/hyperref/hpdftex.def
File: hpdftex.def 2018/11/30 v6.88e Hyperref driver for pdfTeX
\Fld@listcount=\count99
\c@bookmark@seq@number=\count100

(/usr/local/texlive/2019/texmf-dist/tex/latex/oberdiek/rerunfilecheck.sty
Package: rerunfilecheck 2016/05/16 v1.8 Rerun checks for auxiliary files (HO)
Package uniquecounter Info: New unique counter `rerunfilecheck' on input line 2
82.
)
\Hy@SectionHShift=\skip43
)
(/usr/local/texlive/2019/texmf-dist/tex/latex/natbib/natbib.sty
Package: natbib 2010/09/13 8.31b (PWD, AO)
\bibhang=\skip44
\bibsep=\skip45
LaTeX Info: Redefining \cite on input line 694.
\c@NAT@ctr=\count101
)
(/usr/local/texlive/2019/texmf-dist/tex/latex/amscls/amsthm.sty
Package: amsthm 2017/10/31 v2.20.4
\thm@style=\toks18
\thm@bodyfont=\toks19
\thm@headfont=\toks20
\thm@notefont=\toks21
\thm@headpunct=\toks22
\thm@preskip=\skip46
\thm@postskip=\skip47
\thm@headsep=\skip48
\dth@everypar=\toks23
)
(/usr/local/texlive/2019/texmf-dist/tex/latex/amsmath/amsmath.sty
Package: amsmath 2018/12/01 v2.17b AMS math features
\@mathmargin=\skip49

For additional information on amsmath, use the `?' option.
(/usr/local/texlive/2019/texmf-dist/tex/latex/amsmath/amstext.sty
Package: amstext 2000/06/29 v2.01 AMS text

(/usr/local/texlive/2019/texmf-dist/tex/latex/amsmath/amsgen.sty
File: amsgen.sty 1999/11/30 v2.0 generic functions
\@emptytoks=\toks24
\ex@=\dimen115
))
(/usr/local/texlive/2019/texmf-dist/tex/latex/amsmath/amsbsy.sty
Package: amsbsy 1999/11/29 v1.2d Bold Symbols
\pmbraise@=\dimen116
)
(/usr/local/texlive/2019/texmf-dist/tex/latex/amsmath/amsopn.sty
Package: amsopn 2016/03/08 v2.02 operator names
)
\inf@bad=\count102
LaTeX Info: Redefining \frac on input line 223.
\uproot@=\count103
\leftroot@=\count104
LaTeX Info: Redefining \overline on input line 385.
\classnum@=\count105
\DOTSCASE@=\count106
LaTeX Info: Redefining \ldots on input line 482.
LaTeX Info: Redefining \dots on input line 485.
LaTeX Info: Redefining \cdots on input line 606.
\Mathstrutbox@=\box27
\strutbox@=\box28
\big@size=\dimen117
LaTeX Font Info:    Redeclaring font encoding OML on input line 729.
LaTeX Font Info:    Redeclaring font encoding OMS on input line 730.
\macc@depth=\count107
\c@MaxMatrixCols=\count108
\dotsspace@=\muskip11
\c@parentequation=\count109
\dspbrk@lvl=\count110
\tag@help=\toks25
\row@=\count111
\column@=\count112
\maxfields@=\count113
\andhelp@=\toks26
\eqnshift@=\dimen118
\alignsep@=\dimen119
\tagshift@=\dimen120
\tagwidth@=\dimen121
\totwidth@=\dimen122
\lineht@=\dimen123
\@envbody=\toks27
\multlinegap=\skip50
\multlinetaggap=\skip51
\mathdisplay@stack=\toks28
LaTeX Info: Redefining \[ on input line 2844.
LaTeX Info: Redefining \] on input line 2845.
)
(/usr/local/texlive/2019/texmf-dist/tex/latex/amsfonts/amssymb.sty
Package: amssymb 2013/01/14 v3.01 AMS font symbols

(/usr/local/texlive/2019/texmf-dist/tex/latex/amsfonts/amsfonts.sty
Package: amsfonts 2013/01/14 v3.01 Basic AMSFonts support
\symAMSa=\mathgroup4
\symAMSb=\mathgroup5
LaTeX Font Info:    Overwriting math alphabet `\mathfrak' in version `bold'
(Font)                  U/euf/m/n --> U/euf/b/n on input line 106.
))
(/usr/local/texlive/2019/texmf-dist/tex/latex/algorithm2e/algorithm2e.sty
Package: algorithm2e 2017/07/18 v5.2 algorithms environments
\c@AlgoLine=\count114

(/usr/local/texlive/2019/texmf-dist/tex/latex/base/ifthen.sty
Package: ifthen 2014/09/29 v1.1c Standard LaTeX ifthen package (DPC)
)
\algocf@hangindent=\skip52

(/usr/local/texlive/2019/texmf-dist/tex/latex/ifoddpage/ifoddpage.sty
Package: ifoddpage 2016/04/23 v1.1 Conditionals for odd/even page detection
\c@checkoddpage=\count115
)
(/usr/local/texlive/2019/texmf-dist/tex/latex/tools/xspace.sty
Package: xspace 2014/10/28 v1.13 Space after command names (DPC,MH)
)
(/usr/local/texlive/2019/texmf-dist/tex/latex/relsize/relsize.sty
Package: relsize 2013/03/29 ver 4.1
)
\skiptotal=\skip53
\skiplinenumber=\skip54
\skiprule=\skip55
\skiphlne=\skip56
\skiptext=\skip57
\skiplength=\skip58
\algomargin=\skip59
\skipalgocfslide=\skip60
\algowidth=\dimen124
\inoutsize=\dimen125
\inoutindent=\dimen126
\interspacetitleruled=\dimen127
\interspacealgoruled=\dimen128
\interspacetitleboxruled=\dimen129
\algocf@ruledwidth=\skip61
\algocf@inoutbox=\box29
\algocf@inputbox=\box30
\AlCapSkip=\skip62
\AlCapHSkip=\skip63
\algoskipindent=\skip64
\algocf@nlbox=\box31
\algocf@hangingbox=\box32
\algocf@untilbox=\box33
\algocf@skipuntil=\skip65
\algocf@capbox=\box34
\algocf@lcaptionbox=\skip66
\algoheightruledefault=\skip67
\algoheightrule=\skip68
\algotitleheightruledefault=\skip69
\algotitleheightrule=\skip70
\c@algocfline=\count116
\c@algocfproc=\count117
\c@algocf=\count118
\algocf@algoframe=\box35
\algocf@algobox=\box36
)
(/usr/local/texlive/2019/texmf-dist/tex/latex/xcolor/xcolor.sty
Package: xcolor 2016/05/11 v2.12 LaTeX color extensions (UK)

(/usr/local/texlive/2019/texmf-dist/tex/latex/graphics-cfg/color.cfg
File: color.cfg 2016/01/02 v1.6 sample color configuration
)
Package xcolor Info: Driver file: pdftex.def on input line 225.

(/usr/local/texlive/2019/texmf-dist/tex/latex/graphics-def/pdftex.def
File: pdftex.def 2018/01/08 v1.0l Graphics/color driver for pdftex
)
Package xcolor Info: Model `cmy' substituted by `cmy0' on input line 1348.
Package xcolor Info: Model `hsb' substituted by `rgb' on input line 1352.
Package xcolor Info: Model `RGB' extended on input line 1364.
Package xcolor Info: Model `HTML' substituted by `rgb' on input line 1366.
Package xcolor Info: Model `Hsb' substituted by `hsb' on input line 1367.
Package xcolor Info: Model `tHsb' substituted by `hsb' on input line 1368.
Package xcolor Info: Model `HSB' substituted by `hsb' on input line 1369.
Package xcolor Info: Model `Gray' substituted by `gray' on input line 1370.
Package xcolor Info: Model `wave' substituted by `hsb' on input line 1371.
)
(/usr/local/texlive/2019/texmf-dist/tex/latex/enumitem/enumitem.sty
Package: enumitem 2019/02/04 v3.8 Customized lists
\labelindent=\skip71
\enit@outerparindent=\dimen130
\enit@toks=\toks29
\enit@inbox=\box37
\enit@count@id=\count119
\enitdp@description=\count120
)
(/usr/local/texlive/2019/texmf-dist/tex/latex/appendix/appendix.sty
Package: appendix 2009/09/02 v1.2b extra appendix facilities
\c@@pps=\count121
\c@@ppsavesec=\count122
\c@@ppsaveapp=\count123
)
(/usr/local/texlive/2019/texmf-dist/tex/latex/caption/caption.sty
Package: caption 2018/10/06 v3.3-154 Customizing captions (AR)

(/usr/local/texlive/2019/texmf-dist/tex/latex/caption/caption3.sty
Package: caption3 2018/09/12 v1.8c caption3 kernel (AR)
Package caption3 Info: TeX engine: e-TeX on input line 64.
\captionmargin=\dimen131
\captionmargin@=\dimen132
\captionwidth=\dimen133
\caption@tempdima=\dimen134
\caption@indent=\dimen135
\caption@parindent=\dimen136
\caption@hangindent=\dimen137
)
\c@caption@flags=\count124
\c@ContinuedFloat=\count125
Package caption Info: hyperref package is loaded.
)
(/usr/local/texlive/2019/texmf-dist/tex/latex/graphics/graphicx.sty
Package: graphicx 2017/06/01 v1.1a Enhanced LaTeX Graphics (DPC,SPQR)

(/usr/local/texlive/2019/texmf-dist/tex/latex/graphics/graphics.sty
Package: graphics 2017/06/25 v1.2c Standard LaTeX Graphics (DPC,SPQR)

(/usr/local/texlive/2019/texmf-dist/tex/latex/graphics/trig.sty
Package: trig 2016/01/03 v1.10 sin cos tan (DPC)
)
(/usr/local/texlive/2019/texmf-dist/tex/latex/graphics-cfg/graphics.cfg
File: graphics.cfg 2016/06/04 v1.11 sample graphics configuration
)
Package graphics Info: Driver file: pdftex.def on input line 99.
)
\Gin@req@height=\dimen138
\Gin@req@width=\dimen139
)
(/usr/local/texlive/2019/texmf-dist/tex/latex/caption/subcaption.sty
Package: subcaption 2018/05/01 v1.1-162 Sub-captions (AR)
\c@subfigure=\count126
\c@subtable=\count127
)
(/usr/local/texlive/2019/texmf-dist/tex/latex/adjustbox/adjustbox.sty
Package: adjustbox 2019/01/04 v1.2 Adjusting TeX boxes (trim, clip, ...)

(/usr/local/texlive/2019/texmf-dist/tex/latex/xkeyval/xkeyval.sty
Package: xkeyval 2014/12/03 v2.7a package option processing (HA)

(/usr/local/texlive/2019/texmf-dist/tex/generic/xkeyval/xkeyval.tex
(/usr/local/texlive/2019/texmf-dist/tex/generic/xkeyval/xkvutils.tex
\XKV@toks=\toks30
\XKV@tempa@toks=\toks31
)
\XKV@depth=\count128
File: xkeyval.tex 2014/12/03 v2.7a key=value parser (HA)
))
(/usr/local/texlive/2019/texmf-dist/tex/latex/adjustbox/adjcalc.sty
Package: adjcalc 2012/05/16 v1.1 Provides advanced setlength with multiple back
-ends (calc, etex, pgfmath)
)
(/usr/local/texlive/2019/texmf-dist/tex/latex/adjustbox/trimclip.sty
Package: trimclip 2018/04/08 v1.1 Trim and clip general TeX material

(/usr/local/texlive/2019/texmf-dist/tex/latex/collectbox/collectbox.sty
Package: collectbox 2012/05/17 v0.4b Collect macro arguments as boxes
\collectedbox=\box38
)
\tc@llx=\dimen140
\tc@lly=\dimen141
\tc@urx=\dimen142
\tc@ury=\dimen143
Package trimclip Info: Using driver 'tc-pdftex.def'.

(/usr/local/texlive/2019/texmf-dist/tex/latex/adjustbox/tc-pdftex.def
File: tc-pdftex.def 2019/01/04 v2.2 Clipping driver for pdftex
))
\adjbox@Width=\dimen144
\adjbox@Height=\dimen145
\adjbox@Depth=\dimen146
\adjbox@Totalheight=\dimen147
\adjbox@pwidth=\dimen148
\adjbox@pheight=\dimen149
\adjbox@pdepth=\dimen150
\adjbox@ptotalheight=\dimen151

(/usr/local/texlive/2019/texmf-dist/tex/latex/varwidth/varwidth.sty
Package: varwidth 2009/03/30 ver 0.92;  Variable-width minipages
\@vwid@box=\box39
\sift@deathcycles=\count129
\@vwid@loff=\dimen152
\@vwid@roff=\dimen153
))
\c@theorem=\count130
\c@proposition=\count131
\c@lemma=\count132
\c@assumption=\count133
\c@corollary=\count134
\c@remark=\count135

(/usr/local/texlive/2019/texmf-dist/tex/latex/xpatch/xpatch.sty
(/usr/local/texlive/2019/texmf-dist/tex/latex/l3kernel/expl3.sty
Package: expl3 2019-05-07 L3 programming layer (loader) 

(/usr/local/texlive/2019/texmf-dist/tex/latex/l3kernel/expl3-code.tex
Package: expl3 2019-05-07 L3 programming layer (code)
\c_max_int=\count136
\l_tmpa_int=\count137
\l_tmpb_int=\count138
\g_tmpa_int=\count139
\g_tmpb_int=\count140
\g__kernel_prg_map_int=\count141
\c__ior_term_ior=\count142
\c_log_iow=\count143
\l_iow_line_count_int=\count144
\l__iow_line_target_int=\count145
\l__iow_one_indent_int=\count146
\l__iow_indent_int=\count147
\c_zero_dim=\dimen154
\c_max_dim=\dimen155
\l_tmpa_dim=\dimen156
\l_tmpb_dim=\dimen157
\g_tmpa_dim=\dimen158
\g_tmpb_dim=\dimen159
\c_zero_skip=\skip72
\c_max_skip=\skip73
\l_tmpa_skip=\skip74
\l_tmpb_skip=\skip75
\g_tmpa_skip=\skip76
\g_tmpb_skip=\skip77
\c_zero_muskip=\muskip12
\c_max_muskip=\muskip13
\l_tmpa_muskip=\muskip14
\l_tmpb_muskip=\muskip15
\g_tmpa_muskip=\muskip16
\g_tmpb_muskip=\muskip17
\l_keys_choice_int=\count148
\l__intarray_loop_int=\count149
\c__intarray_sp_dim=\dimen160
\g__intarray_font_int=\count150
\c__fp_leading_shift_int=\count151
\c__fp_middle_shift_int=\count152
\c__fp_trailing_shift_int=\count153
\c__fp_big_leading_shift_int=\count154
\c__fp_big_middle_shift_int=\count155
\c__fp_big_trailing_shift_int=\count156
\c__fp_Bigg_leading_shift_int=\count157
\c__fp_Bigg_middle_shift_int=\count158
\c__fp_Bigg_trailing_shift_int=\count159
\c__kernel_randint_max_int=\count160
\g__fp_array_int=\count161
\l__fp_array_loop_int=\count162
\l__sort_length_int=\count163
\l__sort_min_int=\count164
\l__sort_top_int=\count165
\l__sort_max_int=\count166
\l__sort_true_max_int=\count167
\l__sort_block_int=\count168
\l__sort_begin_int=\count169
\l__sort_end_int=\count170
\l__sort_A_int=\count171
\l__sort_B_int=\count172
\l__sort_C_int=\count173
\l__tl_analysis_normal_int=\count174
\l__tl_analysis_index_int=\count175
\l__tl_analysis_nesting_int=\count176
\l__tl_analysis_type_int=\count177
\l__regex_internal_a_int=\count178
\l__regex_internal_b_int=\count179
\l__regex_internal_c_int=\count180
\l__regex_balance_int=\count181
\l__regex_group_level_int=\count182
\l__regex_mode_int=\count183
\c__regex_cs_in_class_mode_int=\count184
\c__regex_cs_mode_int=\count185
\l__regex_catcodes_int=\count186
\l__regex_default_catcodes_int=\count187
\c__regex_catcode_D_int=\count188
\c__regex_catcode_S_int=\count189
\c__regex_catcode_L_int=\count190
\c__regex_catcode_O_int=\count191
\c__regex_catcode_A_int=\count192
\c__regex_all_catcodes_int=\count193
\l__regex_show_lines_int=\count194
\l__regex_min_state_int=\count195
\l__regex_max_state_int=\count196
\l__regex_left_state_int=\count197
\l__regex_right_state_int=\count198
\l__regex_capturing_group_int=\count199
\l__regex_min_pos_int=\count266
\l__regex_max_pos_int=\count267
\l__regex_curr_pos_int=\count268
\l__regex_start_pos_int=\count269
\l__regex_success_pos_int=\count270
\l__regex_curr_char_int=\count271
\l__regex_curr_catcode_int=\count272
\l__regex_last_char_int=\count273
\l__regex_case_changed_char_int=\count274
\l__regex_curr_state_int=\count275
\l__regex_step_int=\count276
\l__regex_min_active_int=\count277
\l__regex_max_active_int=\count278
\l__regex_replacement_csnames_int=\count279
\l__regex_match_count_int=\count280
\l__regex_min_submatch_int=\count281
\l__regex_submatch_int=\count282
\l__regex_zeroth_submatch_int=\count283
\g__regex_trace_regex_int=\count284
\c_empty_box=\box40
\l_tmpa_box=\box41
\l_tmpb_box=\box42
\g_tmpa_box=\box43
\g_tmpb_box=\box44
\l__box_top_dim=\dimen161
\l__box_bottom_dim=\dimen162
\l__box_left_dim=\dimen163
\l__box_right_dim=\dimen164
\l__box_top_new_dim=\dimen165
\l__box_bottom_new_dim=\dimen166
\l__box_left_new_dim=\dimen167
\l__box_right_new_dim=\dimen168
\l__box_internal_box=\box45
\l__coffin_internal_box=\box46
\l__coffin_internal_dim=\dimen169
\l__coffin_offset_x_dim=\dimen170
\l__coffin_offset_y_dim=\dimen171
\l__coffin_x_dim=\dimen172
\l__coffin_y_dim=\dimen173
\l__coffin_x_prime_dim=\dimen174
\l__coffin_y_prime_dim=\dimen175
\c_empty_coffin=\box47
\l__coffin_aligned_coffin=\box48
\l__coffin_aligned_internal_coffin=\box49
\l_tmpa_coffin=\box50
\l_tmpb_coffin=\box51
\g_tmpa_coffin=\box52
\g_tmpb_coffin=\box53
\l__coffin_bounding_shift_dim=\dimen176
\l__coffin_left_corner_dim=\dimen177
\l__coffin_right_corner_dim=\dimen178
\l__coffin_bottom_corner_dim=\dimen179
\l__coffin_top_corner_dim=\dimen180
\l__coffin_scaled_total_height_dim=\dimen181
\l__coffin_scaled_width_dim=\dimen182
\c__coffin_empty_coffin=\box54
\l__coffin_display_coffin=\box55
\l__coffin_display_coord_coffin=\box56
\l__coffin_display_pole_coffin=\box57
\l__coffin_display_offset_dim=\dimen183
\l__coffin_display_x_dim=\dimen184
\l__coffin_display_y_dim=\dimen185
\g__file_internal_ior=\read1
\l__seq_internal_a_int=\count285
\l__seq_internal_b_int=\count286
\c__deprecation_minus_one=\count287
)
(/usr/local/texlive/2019/texmf-dist/tex/latex/l3kernel/l3pdfmode.def
File: l3pdfmode.def 2019-04-06 v L3 Experimental driver: PDF mode
\l__driver_color_stack_int=\count288
\l__driver_pdf_tmp_box=\box58
))
Package: xpatch 2012/10/02 v0.3 Extending etoolbox patching commands

(/usr/local/texlive/2019/texmf-dist/tex/latex/l3packages/xparse/xparse.sty
Package: xparse 2019-05-03 L3 Experimental document command parser
\l__xparse_current_arg_int=\count289
\g__xparse_grabber_int=\count290
\l__xparse_m_args_int=\count291
\l__xparse_v_nesting_int=\count292
)
(/usr/local/texlive/2019/texmf-dist/tex/latex/etoolbox/etoolbox.sty
Package: etoolbox 2018/08/19 v2.5f e-TeX tools for LaTeX (JAW)
\etb@tempcnta=\count293
))
(/usr/local/texlive/2019/texmf-dist/tex/latex/comment/comment.sty
\CommentStream=\write3

Excluding comment 'comment')
(/usr/local/texlive/2019/texmf-dist/tex/generic/ulem/ulem.sty
\UL@box=\box59
\UL@hyphenbox=\box60
\UL@skip=\skip78
\UL@hook=\toks32
\UL@height=\dimen186
\UL@pe=\count294
\UL@pixel=\dimen187
\ULC@box=\box61
Package: ulem 2012/05/18
\ULdepth=\dimen188
)
(./NPMLE_MR_draft_V14.aux)
\openout1 = `NPMLE_MR_draft_V14.aux'.

LaTeX Font Info:    Checking defaults for OML/cmm/m/it on input line 165.
LaTeX Font Info:    ... okay on input line 165.
LaTeX Font Info:    Checking defaults for T1/cmr/m/n on input line 165.
LaTeX Font Info:    ... okay on input line 165.
LaTeX Font Info:    Checking defaults for OT1/cmr/m/n on input line 165.
LaTeX Font Info:    ... okay on input line 165.
LaTeX Font Info:    Checking defaults for OMS/cmsy/m/n on input line 165.
LaTeX Font Info:    ... okay on input line 165.
LaTeX Font Info:    Checking defaults for OMX/cmex/m/n on input line 165.
LaTeX Font Info:    ... okay on input line 165.
LaTeX Font Info:    Checking defaults for U/cmr/m/n on input line 165.
LaTeX Font Info:    ... okay on input line 165.
LaTeX Font Info:    Checking defaults for PD1/pdf/m/n on input line 165.
LaTeX Font Info:    ... okay on input line 165.

*geometry* driver: auto-detecting
*geometry* detected driver: pdftex
*geometry* verbose mode - [ preamble ] result:
* driver: pdftex
* paper: letterpaper
* layout: <same size as paper>
* layoutoffset:(h,v)=(0.0pt,0.0pt)
* modes: 
* h-part:(L,W,R)=(92.14519pt, 430.00462pt, 92.14519pt)
* v-part:(T,H,B)=(95.39737pt, 556.47656pt, 143.09605pt)
* \paperwidth=614.295pt
* \paperheight=794.96999pt
* \textwidth=430.00462pt
* \textheight=556.47656pt
* \oddsidemargin=19.8752pt
* \evensidemargin=19.8752pt
* \topmargin=-13.87262pt
* \headheight=12.0pt
* \headsep=25.0pt
* \topskip=11.0pt
* \footskip=30.0pt
* \marginparwidth=59.0pt
* \marginparsep=10.0pt
* \columnsep=10.0pt
* \skip\footins=10.0pt plus 4.0pt minus 2.0pt
* \hoffset=0.0pt
* \voffset=0.0pt
* \mag=1000
* \@twocolumnfalse
* \@twosidefalse
* \@mparswitchfalse
* \@reversemarginfalse
* (1in=72.27pt=25.4mm, 1cm=28.453pt)

*geometry* verbose mode - [ newgeometry ] result:
* driver: pdftex
* paper: letterpaper
* layout: <same size as paper>
* layoutoffset:(h,v)=(0.0pt,0.0pt)
* modes: 
* h-part:(L,W,R)=(61.42938pt, 491.43622pt, 61.4294pt)
* v-part:(T,H,B)=(72.26999pt, 650.43pt, 72.27pt)
* \paperwidth=614.295pt
* \paperheight=794.96999pt
* \textwidth=491.43622pt
* \textheight=650.43pt
* \oddsidemargin=-10.8406pt
* \evensidemargin=-10.8406pt
* \topmargin=-37.0pt
* \headheight=12.0pt
* \headsep=25.0pt
* \topskip=11.0pt
* \footskip=30.0pt
* \marginparwidth=59.0pt
* \marginparsep=10.0pt
* \columnsep=10.0pt
* \skip\footins=10.0pt plus 4.0pt minus 2.0pt
* \hoffset=0.0pt
* \voffset=0.0pt
* \mag=1000
* \@twocolumnfalse
* \@twosidefalse
* \@mparswitchfalse
* \@reversemarginfalse
* (1in=72.27pt=25.4mm, 1cm=28.453pt)

\AtBeginShipoutBox=\box62
Package hyperref Info: Link coloring ON on input line 165.
(/usr/local/texlive/2019/texmf-dist/tex/latex/hyperref/nameref.sty
Package: nameref 2016/05/21 v2.44 Cross-referencing by name of section

(/usr/local/texlive/2019/texmf-dist/tex/generic/oberdiek/gettitlestring.sty
Package: gettitlestring 2016/05/16 v1.5 Cleanup title references (HO)
)
\c@section@level=\count295
)
LaTeX Info: Redefining \ref on input line 165.
LaTeX Info: Redefining \pageref on input line 165.
LaTeX Info: Redefining \nameref on input line 165.

(./NPMLE_MR_draft_V14.out) (./NPMLE_MR_draft_V14.out)
\@outlinefile=\write4
\openout4 = `NPMLE_MR_draft_V14.out'.


(/usr/local/texlive/2019/texmf-dist/tex/context/base/mkii/supp-pdf.mkii
[Loading MPS to PDF converter (version 2006.09.02).]
\scratchcounter=\count296
\scratchdimen=\dimen189
\scratchbox=\box63
\nofMPsegments=\count297
\nofMParguments=\count298
\everyMPshowfont=\toks33
\MPscratchCnt=\count299
\MPscratchDim=\dimen190
\MPnumerator=\count300
\makeMPintoPDFobject=\count301
\everyMPtoPDFconversion=\toks34
) (/usr/local/texlive/2019/texmf-dist/tex/latex/oberdiek/epstopdf-base.sty
Package: epstopdf-base 2016/05/15 v2.6 Base part for package epstopdf

(/usr/local/texlive/2019/texmf-dist/tex/latex/oberdiek/grfext.sty
Package: grfext 2016/05/16 v1.2 Manage graphics extensions (HO)
)
Package epstopdf-base Info: Redefining graphics rule for `.eps' on input line 4
38.
Package grfext Info: Graphics extension search list:
(grfext)             [.pdf,.png,.jpg,.mps,.jpeg,.jbig2,.jb2,.PDF,.PNG,.JPG,.JPE
G,.JBIG2,.JB2,.eps]
(grfext)             \AppendGraphicsExtensions on input line 456.

(/usr/local/texlive/2019/texmf-dist/tex/latex/latexconfig/epstopdf-sys.cfg
File: epstopdf-sys.cfg 2010/07/13 v1.3 Configuration of (r)epstopdf for TeX Liv
e
))
Package caption Info: Begin \AtBeginDocument code.
Package caption Info: End \AtBeginDocument code.
LaTeX Font Info:    Try loading font information for U+msa on input line 167.

(/usr/local/texlive/2019/texmf-dist/tex/latex/amsfonts/umsa.fd
File: umsa.fd 2013/01/14 v3.01 AMS symbols A
)
LaTeX Font Info:    Try loading font information for U+msb on input line 167.

(/usr/local/texlive/2019/texmf-dist/tex/latex/amsfonts/umsb.fd
File: umsb.fd 2013/01/14 v3.01 AMS symbols B
)
LaTeX Font Info:    Try loading font information for T1+cmtt on input line 167.


(/usr/local/texlive/2019/texmf-dist/tex/latex/base/t1cmtt.fd
File: t1cmtt.fd 2014/09/29 v2.5h Standard LaTeX font definitions
) [1


{/usr/local/texlive/2019/texmf-var/fonts/map/pdftex/updmap/pdftex.map}] [2]
LaTeX Font Info:    Try loading font information for U+euf on input line 237.

(/usr/local/texlive/2019/texmf-dist/tex/latex/amsfonts/ueuf.fd
File: ueuf.fd 2013/01/14 v3.01 Euler Fraktur
) [3] [4]
[5] [6] [7] [8] [9] [10] [11] [12]
<./newimages/1_1_4_-1_50percent_noisy.png, id=502, 501.072pt x 516.0078pt>
File: ./newimages/1_1_4_-1_50percent_noisy.png Graphic file (type png)
<use ./newimages/1_1_4_-1_50percent_noisy.png>
Package pdftex.def Info: ./newimages/1_1_4_-1_50percent_noisy.png  used on inpu
t line 560.
(pdftex.def)             Requested size: 147.43236pt x 151.82729pt.
<./newimages/1_1_4_-1_50percent_true.png, id=504, 501.072pt x 530.4618pt>
File: ./newimages/1_1_4_-1_50percent_true.png Graphic file (type png)
<use ./newimages/1_1_4_-1_50percent_true.png>
Package pdftex.def Info: ./newimages/1_1_4_-1_50percent_true.png  used on input
 line 561.
(pdftex.def)             Requested size: 147.43236pt x 156.08015pt.
<./newimages/1_1_4_-1_50percent_fitted.png, id=505, 501.072pt x 589.2414pt>
File: ./newimages/1_1_4_-1_50percent_fitted.png Graphic file (type png)
<use ./newimages/1_1_4_-1_50percent_fitted.png>
Package pdftex.def Info: ./newimages/1_1_4_-1_50percent_fitted.png  used on inp
ut line 562.
(pdftex.def)             Requested size: 147.43236pt x 173.37514pt.
<./newimages/1_1_4_-1_50percent_density.png, id=506, 1294.5966pt x 223.5552pt>
File: ./newimages/1_1_4_-1_50percent_density.png Graphic file (type png)
<use ./newimages/1_1_4_-1_50percent_density.png>
Package pdftex.def Info: ./newimages/1_1_4_-1_50percent_density.png  used on in
put line 566.
(pdftex.def)             Requested size: 442.2896pt x 76.37616pt.
<./newimages/0_1_1_1_30percent_noisy.png, id=508, 501.072pt x 516.0078pt>
File: ./newimages/0_1_1_1_30percent_noisy.png Graphic file (type png)
<use ./newimages/0_1_1_1_30percent_noisy.png>
Package pdftex.def Info: ./newimages/0_1_1_1_30percent_noisy.png  used on input
 line 579.
(pdftex.def)             Requested size: 147.43236pt x 151.82729pt.
<./newimages/0_1_1_1_30percent_true.png, id=509, 501.072pt x 530.4618pt>
File: ./newimages/0_1_1_1_30percent_true.png Graphic file (type png)
<use ./newimages/0_1_1_1_30percent_true.png>
Package pdftex.def Info: ./newimages/0_1_1_1_30percent_true.png  used on input 
line 580.
(pdftex.def)             Requested size: 147.43236pt x 156.08015pt.
<./newimages/0_1_1_1_30percent_fitted.png, id=510, 501.072pt x 574.5465pt>
File: ./newimages/0_1_1_1_30percent_fitted.png Graphic file (type png)
<use ./newimages/0_1_1_1_30percent_fitted.png>
Package pdftex.def Info: ./newimages/0_1_1_1_30percent_fitted.png  used on inpu
t line 581.
(pdftex.def)             Requested size: 147.43236pt x 169.05139pt.
<./newimages/0_1_1_1_30percent_density.png, id=511, 1288.0923pt x 223.5552pt>
File: ./newimages/0_1_1_1_30percent_density.png Graphic file (type png)
<use ./newimages/0_1_1_1_30percent_density.png>
Package pdftex.def Info: ./newimages/0_1_1_1_30percent_density.png  used on inp
ut line 586.
(pdftex.def)             Requested size: 442.2896pt x 76.76163pt.
<./newimages/3_-1_1_1dot5_30percent_noisy.png, id=513, 501.072pt x 516.0078pt>
File: ./newimages/3_-1_1_1dot5_30percent_noisy.png Graphic file (type png)
<use ./newimages/3_-1_1_1dot5_30percent_noisy.png>
Package pdftex.def Info: ./newimages/3_-1_1_1dot5_30percent_noisy.png  used on 
input line 597.
(pdftex.def)             Requested size: 147.43236pt x 151.82729pt.
<./newimages/3_-1_1_1dot5_30percent_true.png, id=514, 501.072pt x 545.1567pt>
File: ./newimages/3_-1_1_1dot5_30percent_true.png Graphic file (type png)
<use ./newimages/3_-1_1_1dot5_30percent_true.png>
Package pdftex.def Info: ./newimages/3_-1_1_1dot5_30percent_true.png  used on i
nput line 598.
(pdftex.def)             Requested size: 147.43236pt x 160.4039pt.
<./newimages/3_-1_1_1dot5_30percent_fitted.png, id=515, 501.072pt x 603.9363pt>

File: ./newimages/3_-1_1_1dot5_30percent_fitted.png Graphic file (type png)
<use ./newimages/3_-1_1_1dot5_30percent_fitted.png>
Package pdftex.def Info: ./newimages/3_-1_1_1dot5_30percent_fitted.png  used on
 input line 599.
(pdftex.def)             Requested size: 147.43236pt x 177.6989pt.
<./newimages/3_-1_1_1dot5_30percent_density.png, id=516, 1294.5966pt x 223.5552
pt>
File: ./newimages/3_-1_1_1dot5_30percent_density.png Graphic file (type png)
<use ./newimages/3_-1_1_1dot5_30percent_density.png>
Package pdftex.def Info: ./newimages/3_-1_1_1dot5_30percent_density.png  used o
n input line 603.
(pdftex.def)             Requested size: 442.2896pt x 76.37616pt.
 [13] [14 <./newimages/1_1_4_-1_50percent_noisy.png> <./newimages/1_1_4_-1_50pe
rcent_true.png> <./newimages/1_1_4_-1_50percent_fitted.png> <./newimages/1_1_4_
-1_50percent_density.png> <./newimages/0_1_1_1_30percent_noisy.png> <./newimage
s/0_1_1_1_30percent_true.png> <./newimages/0_1_1_1_30percent_fitted.png> <./new
images/0_1_1_1_30percent_density.png>]
<./newimages/continuous50050percentCGM_noisy.png, id=543, 504.2037pt x 512.1534
pt>
File: ./newimages/continuous50050percentCGM_noisy.png Graphic file (type png)
<use ./newimages/continuous50050percentCGM_noisy.png>
Package pdftex.def Info: ./newimages/continuous50050percentCGM_noisy.png  used 
on input line 630.
(pdftex.def)             Requested size: 147.43236pt x 149.75542pt.
<./newimages/continuous50050percentEM10_fitted.png, id=544, 504.2037pt x 526.84
83pt>
File: ./newimages/continuous50050percentEM10_fitted.png Graphic file (type png)

<use ./newimages/continuous50050percentEM10_fitted.png>
Package pdftex.def Info: ./newimages/continuous50050percentEM10_fitted.png  use
d on input line 631.
(pdftex.def)             Requested size: 147.43236pt x 154.05226pt.
<./newimages/continuous50050percentCGM_fitted.png, id=545, 504.2037pt x 688.010
4pt>
File: ./newimages/continuous50050percentCGM_fitted.png Graphic file (type png)
<use ./newimages/continuous50050percentCGM_fitted.png>
Package pdftex.def Info: ./newimages/continuous50050percentCGM_fitted.png  used
 on input line 632.
(pdftex.def)             Requested size: 147.43236pt x 201.17662pt.
<./newimages/continuous50050percentEM10_density.png, id=546, 1321.8183pt x 223.
5552pt>
File: ./newimages/continuous50050percentEM10_density.png Graphic file (type png
)
<use ./newimages/continuous50050percentEM10_density.png>
Package pdftex.def Info: ./newimages/continuous50050percentEM10_density.png  us
ed on input line 637.
(pdftex.def)             Requested size: 442.2896pt x 74.8002pt.
<./newimages/continuous50050percentCGM_density.png, id=547, 1330.2498pt x 223.5
552pt>
File: ./newimages/continuous50050percentCGM_density.png Graphic file (type png)

<use ./newimages/continuous50050percentCGM_density.png>
Package pdftex.def Info: ./newimages/continuous50050percentCGM_density.png  use
d on input line 638.
(pdftex.def)             Requested size: 442.2896pt x 74.32945pt.

Underfull \hbox (badness 10000) in paragraph at lines 637--639
[][]
 []

[15 <./newimages/3_-1_1_1dot5_30percent_noisy.png> <./newimages/3_-1_1_1dot5_30
percent_true.png> <./newimages/3_-1_1_1dot5_30percent_fitted.png> <./newimages/
3_-1_1_1dot5_30percent_density.png>] [16 <./newimages/continuous50050percentCGM
_noisy.png> <./newimages/continuous50050percentEM10_fitted.png> <./newimages/co
ntinuous50050percentCGM_fitted.png> <./newimages/continuous50050percentEM10_den
sity.png> <./newimages/continuous50050percentCGM_density.png>]
<./newimages/polynomial_noisy.png, id=569, 501.072pt x 516.0078pt>
File: ./newimages/polynomial_noisy.png Graphic file (type png)
<use ./newimages/polynomial_noisy.png>
Package pdftex.def Info: ./newimages/polynomial_noisy.png  used on input line 6
58.
(pdftex.def)             Requested size: 147.43236pt x 151.82729pt.
<./newimages/polynomial_true.png, id=570, 501.072pt x 530.4618pt>
File: ./newimages/polynomial_true.png Graphic file (type png)
<use ./newimages/polynomial_true.png>
Package pdftex.def Info: ./newimages/polynomial_true.png  used on input line 65
9.
(pdftex.def)             Requested size: 147.43236pt x 156.08015pt.
<./newimages/polynomial_fitted.png, id=571, 501.072pt x 618.3903pt>
File: ./newimages/polynomial_fitted.png Graphic file (type png)
<use ./newimages/polynomial_fitted.png>
Package pdftex.def Info: ./newimages/polynomial_fitted.png  used on input line 
660.
(pdftex.def)             Requested size: 147.43236pt x 181.95177pt.
<./newimages/polynomial_density.png, id=572, 1294.5966pt x 223.5552pt>
File: ./newimages/polynomial_density.png Graphic file (type png)
<use ./newimages/polynomial_density.png>
Package pdftex.def Info: ./newimages/polynomial_density.png  used on input line
 665.
(pdftex.def)             Requested size: 442.2896pt x 76.37616pt.
<./newimages/exponential_noisy.png, id=573, 501.072pt x 516.0078pt>
File: ./newimages/exponential_noisy.png Graphic file (type png)
<use ./newimages/exponential_noisy.png>
Package pdftex.def Info: ./newimages/exponential_noisy.png  used on input line 
674.
(pdftex.def)             Requested size: 147.43236pt x 151.82729pt.
<./newimages/exponential_true.png, id=574, 501.072pt x 530.4618pt>
File: ./newimages/exponential_true.png Graphic file (type png)
<use ./newimages/exponential_true.png>
Package pdftex.def Info: ./newimages/exponential_true.png  used on input line 6
75.
(pdftex.def)             Requested size: 147.43236pt x 156.08015pt.
<./newimages/exponential_fitted.png, id=575, 501.072pt x 647.7801pt>
File: ./newimages/exponential_fitted.png Graphic file (type png)
<use ./newimages/exponential_fitted.png>
Package pdftex.def Info: ./newimages/exponential_fitted.png  used on input line
 676.
(pdftex.def)             Requested size: 147.43236pt x 190.59926pt.
<./newimages/exponential_density.png, id=576, 1288.0923pt x 223.5552pt>
File: ./newimages/exponential_density.png Graphic file (type png)
<use ./newimages/exponential_density.png>
Package pdftex.def Info: ./newimages/exponential_density.png  used on input lin
e 681.
(pdftex.def)             Requested size: 442.2896pt x 76.76163pt.
 [17 <./newimages/polynomial_noisy.png> <./newimages/polynomial_true.png> <./ne
wimages/polynomial_fitted.png> <./newimages/polynomial_density.png>] [18 <./new
images/exponential_noisy.png> <./newimages/exponential_true.png> <./newimages/e
xponential_fitted.png> <./newimages/exponential_density.png>]
<./newimages/tone.png, id=616, 757.8714pt x 482.0409pt>
File: ./newimages/tone.png Graphic file (type png)
<use ./newimages/tone.png>
Package pdftex.def Info: ./newimages/tone.png  used on input line 706.
(pdftex.def)             Requested size: 245.71811pt x 156.2863pt.
<./newimages/aphids.png, id=617, 755.9442pt x 482.0409pt>
File: ./newimages/aphids.png Graphic file (type png)
<use ./newimages/aphids.png>
Package pdftex.def Info: ./newimages/aphids.png  used on input line 711.
(pdftex.def)             Requested size: 245.71811pt x 156.68349pt.

Overfull \hbox (2.42162pt too wide) in paragraph at lines 705--715
[]$[]$ $[]$ 
 []

(./NPMLE_MR_draft_V14.bbl [19 <./newimages/tone.png> <./newimages/aphids.png>]
[20] [21]) [22] [23]
Overfull \hbox (2.51971pt too wide) in paragraph at lines 788--789
[]\T1/cmr/m/n/10.95 By Carathéodory's the-o-rem (see, e.g., [][]Sil-vey[][] ([]
[]1980[][], Ap-pendix 2)), any bound-ary point of $[]\OT1/cmr/m/n/10.95 ([](\OM
S/cmsy/m/n/10.95 P[]\OT1/cmr/m/n/10.95 ))$
 []

[24] [25] [26] [27] [28]
Overfull \hbox (24.56491pt too wide) detected at line 1057
[]
 []

[29] [30] [31] [32] [33] [34]
Overfull \hbox (3.17778pt too wide) in paragraph at lines 1359--1360
[]\T1/cmr/m/n/10.95 Before prov-ing The-o-rem [][]3.4[][], we state and prove t
wo lem-mas, Lemma [][]D.1[][] and Lemma [][]D.2[][]. Lemma [][]D.1[][]
 []

[35] [36] [37]
Overfull \hbox (0.32712pt too wide) in paragraph at lines 1543--1544
[]\T1/cmr/m/n/10.95 The proof of The-o-rem [][]E.1[][] cru-cially re-lies on Le
mma [][]E.1[][] (mo-ment match-ing ac-cu-racy) and Lemma [][]E.2[][]
 []

[38] [39] [40] [41]
Package atveryend Info: Empty hook `BeforeClearDocument' on input line 1710.
 [42]
Package atveryend Info: Empty hook `AfterLastShipout' on input line 1710.
 (./NPMLE_MR_draft_V14.aux)
Package atveryend Info: Executing hook `AtVeryEndDocument' on input line 1710.
Package atveryend Info: Executing hook `AtEndAfterFileList' on input line 1710.

Package rerunfilecheck Info: File `NPMLE_MR_draft_V14.out' has not changed.
(rerunfilecheck)             Checksum: E0098A7112FD5EA70C0C8966858011A8;1607.
Package atveryend Info: Empty hook `AtVeryVeryEnd' on input line 1710.
 ) 
Here is how much of TeX's memory you used:
 21711 strings out of 492616
 374494 string characters out of 6129482
 458567 words of memory out of 5000000
 25173 multiletter control sequences out of 15000+600000
 555858 words of font info for 87 fonts, out of 8000000 for 9000
 1141 hyphenation exceptions out of 8191
 41i,22n,77p,2688b,586s stack positions out of 5000i,500n,10000p,200000b,80000s
{/usr/local/texlive/2019/texmf-dist/fonts/enc/dvips/cm-super/cm-super-t1.enc}
</usr/local/texlive/2019/texmf-dist/fonts/type1/public/amsfonts/cm/cmbx10.pfb><
/usr/local/texlive/2019/texmf-dist/fonts/type1/public/amsfonts/cm/cmex10.pfb></
usr/local/texlive/2019/texmf-dist/fonts/type1/public/amsfonts/cm/cmmi10.pfb></u
sr/local/texlive/2019/texmf-dist/fonts/type1/public/amsfonts/cm/cmmi6.pfb></usr
/local/texlive/2019/texmf-dist/fonts/type1/public/amsfonts/cm/cmmi8.pfb></usr/l
ocal/texlive/2019/texmf-dist/fonts/type1/public/amsfonts/cm/cmr10.pfb></usr/loc
al/texlive/2019/texmf-dist/fonts/type1/public/amsfonts/cm/cmr6.pfb></usr/local/
texlive/2019/texmf-dist/fonts/type1/public/amsfonts/cm/cmr8.pfb></usr/local/tex
live/2019/texmf-dist/fonts/type1/public/amsfonts/cm/cmsy10.pfb></usr/local/texl
ive/2019/texmf-dist/fonts/type1/public/amsfonts/cm/cmsy6.pfb></usr/local/texliv
e/2019/texmf-dist/fonts/type1/public/amsfonts/cm/cmsy8.pfb></usr/local/texlive/
2019/texmf-dist/fonts/type1/public/amsfonts/euler/eufm10.pfb></usr/local/texliv
e/2019/texmf-dist/fonts/type1/public/amsfonts/symbols/msam10.pfb></usr/local/te
xlive/2019/texmf-dist/fonts/type1/public/amsfonts/symbols/msbm10.pfb></usr/loca
l/texlive/2019/texmf-dist/fonts/type1/public/cm-super/sfbx0800.pfb></usr/local/
texlive/2019/texmf-dist/fonts/type1/public/cm-super/sfbx1000.pfb></usr/local/te
xlive/2019/texmf-dist/fonts/type1/public/cm-super/sfbx1095.pfb></usr/local/texl
ive/2019/texmf-dist/fonts/type1/public/cm-super/sfbx1200.pfb></usr/local/texliv
e/2019/texmf-dist/fonts/type1/public/cm-super/sfbx1440.pfb></usr/local/texlive/
2019/texmf-dist/fonts/type1/public/cm-super/sfrm0800.pfb></usr/local/texlive/20
19/texmf-dist/fonts/type1/public/cm-super/sfrm1000.pfb></usr/local/texlive/2019
/texmf-dist/fonts/type1/public/cm-super/sfrm1095.pfb></usr/local/texlive/2019/t
exmf-dist/fonts/type1/public/cm-super/sfrm1200.pfb></usr/local/texlive/2019/tex
mf-dist/fonts/type1/public/cm-super/sfrm1728.pfb></usr/local/texlive/2019/texmf
-dist/fonts/type1/public/cm-super/sfti1095.pfb></usr/local/texlive/2019/texmf-d
ist/fonts/type1/public/cm-super/sftt1000.pfb></usr/local/texlive/2019/texmf-dis
t/fonts/type1/public/cm-super/sftt1095.pfb>
Output written on NPMLE_MR_draft_V14.pdf (42 pages, 8474605 bytes).
PDF statistics:
 1125 PDF objects out of 1200 (max. 8388607)
 990 compressed objects within 10 object streams
 222 named destinations out of 1000 (max. 500000)
 336 words of extra memory for PDF output out of 10000 (max. 10000000)

